<?xml version="1.0" encoding="UTF-8"?>
<!-- Generated by org.testng.reporters.JUnitXMLReporter -->
<testsuite hostname="RkReddy3" name="Default test" tests="3" failures="0" timestamp="30 Mar 2020 15:54:59 GMT" time="64.58" errors="0">
  <testcase name="verifyhomepagetittleTest" time="0.128" classname="orangeHRM.Testcases.Homepagetest"/>
  <testcase name="verifyPIMtest" time="0.267" classname="orangeHRM.Testcases.Homepagetest"/>
  <testcase name="addemplyclicktest" time="6.868" classname="orangeHRM.Testcases.Homepagetest"/>
</testsuite> <!-- Default test -->
