<?xml version="1.0" encoding="UTF-8"?>
<!-- Generated by org.testng.reporters.JUnitXMLReporter -->
<testsuite hostname="RkReddy3" name="Test" tests="3" failures="0" timestamp="30 Mar 2020 15:47:39 GMT" time="0.56" errors="0">
  <testcase name="@BeforeMethod setup" time="0.0" classname="orangeHRM.Testcases.Homepagetest">
    <failure type="java.lang.NullPointerException">
      <![CDATA[java.lang.NullPointerException
	at orangeHRM.baseclass.TestBase.intialize(TestBase.java:43)
	at orangeHRM.Testcases.Homepagetest.setup(Homepagetest.java:29)
... Removed 26 stack frames]]>
    </failure>
  </testcase> <!-- @BeforeMethod setup -->
  <testcase name="@AfterMethod close" time="0.0" classname="orangeHRM.Testcases.Homepagetest">
    <skipped/>
  </testcase> <!-- @AfterMethod close -->
  <testcase name="@BeforeMethod setup" time="0.0" classname="orangeHRM.Testcases.Homepagetest">
    <skipped/>
  </testcase> <!-- @BeforeMethod setup -->
  <testcase name="@AfterMethod close" time="0.0" classname="orangeHRM.Testcases.Homepagetest">
    <skipped/>
  </testcase> <!-- @AfterMethod close -->
  <testcase name="@BeforeMethod setup" time="0.0" classname="orangeHRM.Testcases.Homepagetest">
    <skipped/>
  </testcase> <!-- @BeforeMethod setup -->
  <testcase name="@AfterMethod close" time="0.0" classname="orangeHRM.Testcases.Homepagetest">
    <skipped/>
  </testcase> <!-- @AfterMethod close -->
  <testcase name="verifyhomepagetittleTest" time="0.07" classname="orangeHRM.Testcases.Homepagetest">
    <skipped/>
  </testcase> <!-- verifyhomepagetittleTest -->
  <testcase name="verifyPIMtest" time="0.019" classname="orangeHRM.Testcases.Homepagetest">
    <skipped/>
  </testcase> <!-- verifyPIMtest -->
  <testcase name="addemplyclicktest" time="0.012" classname="orangeHRM.Testcases.Homepagetest">
    <skipped/>
  </testcase> <!-- addemplyclicktest -->
</testsuite> <!-- Test -->
