<?xml version="1.0" encoding="UTF-8"?>
<!-- Generated by org.testng.reporters.JUnitXMLReporter -->
<testsuite hostname="RkReddy3" name="Test" tests="7" failures="0" timestamp="30 Mar 2020 06:17:18 GMT" time="148.626" errors="0">
  <testcase name="Addemployee" time="4.788" classname="orangeHRM.Testcases.AddemployeeTest"/>
  <testcase name="addemplyclicktest" time="10.289" classname="orangeHRM.Testcases.Homepagetest"/>
  <testcase name="verifyPIMtest" time="0.196" classname="orangeHRM.Testcases.Homepagetest"/>
  <testcase name="verifyhomepagetittleTest" time="0.01" classname="orangeHRM.Testcases.Homepagetest"/>
  <testcase name="loginpageTitleTest" time="0.011" classname="orangeHRM.Testcases.LoginpageTest"/>
  <testcase name="logoTest" time="0.048" classname="orangeHRM.Testcases.LoginpageTest"/>
  <testcase name="logintest" time="5.122" classname="orangeHRM.Testcases.LoginpageTest"/>
</testsuite> <!-- Test -->
