<?xml version="1.0" encoding="UTF-8"?>
<!-- Generated by org.testng.reporters.JUnitXMLReporter -->
<testsuite hostname="RkReddy3" name="Test" tests="7" failures="0" timestamp="26 Mar 2020 20:30:56 GMT" time="222.608" errors="0">
  <testcase name="Addemployee" time="4.173" classname="orangeHRM.Testcases.AddemployeeTest"/>
  <testcase name="addemplyclicktest" time="22.348" classname="orangeHRM.Testcases.Homepagetest"/>
  <testcase name="verifyPIMtest" time="3.408" classname="orangeHRM.Testcases.Homepagetest"/>
  <testcase name="verifyhomepagetittleTest" time="0.517" classname="orangeHRM.Testcases.Homepagetest"/>
  <testcase name="loginpageTitleTest" time="0.009" classname="orangeHRM.Testcases.LoginpageTest"/>
  <testcase name="logoTest" time="0.053" classname="orangeHRM.Testcases.LoginpageTest"/>
  <testcase name="logintest" time="4.479" classname="orangeHRM.Testcases.LoginpageTest"/>
</testsuite> <!-- Test -->
