<?xml version="1.0" encoding="UTF-8"?>
<!-- Generated by org.testng.reporters.JUnitXMLReporter -->
<testsuite hostname="RkReddy3" name="Test" tests="3" failures="0" timestamp="27 Mar 2020 17:40:15 GMT" time="69.234" errors="0">
  <testcase name="logintest" time="5.315" classname="orangeHRM.Testcases.LoginpageTest"/>
  <testcase name="Addemployee" time="5.223" classname="orangeHRM.Testcases.AddemployeeTest"/>
  <testcase name="verifyhomepagetittleTest" time="0.012" classname="orangeHRM.Testcases.Homepagetest"/>
</testsuite> <!-- Test -->
