<?xml version="1.0" encoding="UTF-8"?>
<testng-results skipped="0" failed="0" total="3" passed="3">
  <reporter-output>
  </reporter-output>
  <suite name="Default suite" duration-ms="64580" started-at="2020-03-30T15:53:54Z" finished-at="2020-03-30T15:54:59Z">
    <groups>
    </groups>
    <test name="Default test" duration-ms="64580" started-at="2020-03-30T15:53:54Z" finished-at="2020-03-30T15:54:59Z">
      <class name="orangeHRM.Testcases.Homepagetest">
        <test-method status="PASS" signature="setup()[pri:0, instance:orangeHRM.Testcases.Homepagetest@76c7beb3]" name="setup" is-config="true" duration-ms="20599" started-at="2020-03-30T21:23:54Z" finished-at="2020-03-30T21:24:15Z">
          <reporter-output>
          </reporter-output>
        </test-method> <!-- setup -->
        <test-method status="PASS" signature="verifyhomepagetittleTest()[pri:0, instance:orangeHRM.Testcases.Homepagetest@76c7beb3]" name="verifyhomepagetittleTest" duration-ms="128" started-at="2020-03-30T21:24:15Z" description="first test" finished-at="2020-03-30T21:24:15Z">
          <reporter-output>
          </reporter-output>
        </test-method> <!-- verifyhomepagetittleTest -->
        <test-method status="PASS" signature="close()[pri:0, instance:orangeHRM.Testcases.Homepagetest@76c7beb3]" name="close" is-config="true" duration-ms="745" started-at="2020-03-30T21:24:15Z" finished-at="2020-03-30T21:24:16Z">
          <reporter-output>
          </reporter-output>
        </test-method> <!-- close -->
        <test-method status="PASS" signature="setup()[pri:0, instance:orangeHRM.Testcases.Homepagetest@76c7beb3]" name="setup" is-config="true" duration-ms="17234" started-at="2020-03-30T21:24:16Z" finished-at="2020-03-30T21:24:33Z">
          <reporter-output>
          </reporter-output>
        </test-method> <!-- setup -->
        <test-method status="PASS" signature="verifyPIMtest()[pri:0, instance:orangeHRM.Testcases.Homepagetest@76c7beb3]" name="verifyPIMtest" duration-ms="267" started-at="2020-03-30T21:24:33Z" description="second test" finished-at="2020-03-30T21:24:33Z">
          <reporter-output>
          </reporter-output>
        </test-method> <!-- verifyPIMtest -->
        <test-method status="PASS" signature="close()[pri:0, instance:orangeHRM.Testcases.Homepagetest@76c7beb3]" name="close" is-config="true" duration-ms="661" started-at="2020-03-30T21:24:33Z" finished-at="2020-03-30T21:24:34Z">
          <reporter-output>
          </reporter-output>
        </test-method> <!-- close -->
        <test-method status="PASS" signature="setup()[pri:0, instance:orangeHRM.Testcases.Homepagetest@76c7beb3]" name="setup" is-config="true" duration-ms="17301" started-at="2020-03-30T21:24:34Z" finished-at="2020-03-30T21:24:51Z">
          <reporter-output>
          </reporter-output>
        </test-method> <!-- setup -->
        <test-method status="PASS" signature="addemplyclicktest()[pri:0, instance:orangeHRM.Testcases.Homepagetest@76c7beb3]" name="addemplyclicktest" duration-ms="6868" started-at="2020-03-30T21:24:51Z" description="third test" finished-at="2020-03-30T21:24:58Z">
          <reporter-output>
          </reporter-output>
        </test-method> <!-- addemplyclicktest -->
        <test-method status="PASS" signature="close()[pri:0, instance:orangeHRM.Testcases.Homepagetest@76c7beb3]" name="close" is-config="true" duration-ms="668" started-at="2020-03-30T21:24:58Z" finished-at="2020-03-30T21:24:59Z">
          <reporter-output>
          </reporter-output>
        </test-method> <!-- close -->
      </class> <!-- orangeHRM.Testcases.Homepagetest -->
    </test> <!-- Default test -->
  </suite> <!-- Default suite -->
</testng-results>
